1506565804099:today
1506566988057:help
1506567009124:hello
1506567203638:today
1506567206466:help
1506567208467:hello
1506567908002:today
1506571711237:hello
1506571714132:ls
1506571718587:add kkk
1506571984897:add 测试1
1506572002092:add 测试2
1506572264569:ls
1506572274923:add 测试2
1506572278673:ls
1506572336113:add 测试3
1506572339858:ls
1506572468185:add 1231
1506572469777:ls
1506575559052:add 测试2
1506575564891:ls
1506575855378:add 测试3kajdfk
1506575859057:ls
1506575879010:today
1506576234951:ls
1506576375040:add test1
1506576378408:ls
1506576383929:add test2
1506576385640:ll
1506576389399:ls
1506576398584:test test3
1506576405408:add test3
1506576406704:ll
1506576408152:ls
1506576855103:rm 1610
1506580060309:today
1506580067002:ls
1506580304077:help
1506580308774:today
1506580312445:hello
1506580522429:today
1506580525702:td add
1506580784852:today
1506580791301:td add
1506580811517:td add --id 123
1506580834071:td add --id 123 --dis-or-not no
1506580863102:td add --id 123 --dis-or-not 'no'
1506580882718:td add --id 123 --dis-or-not ""
1506580893606:td add --id 123 --dis-or-not "no"
1506580924662:td add --id 123 --dis-or-nots
1506580934494:td add --id 123 --dis-or-notno
1506580945853:td add --id 123 --dis-or-not -no
1506581031213:td add --id 123 --did-or-not -no
1506581047076:td add --id 123 --did-or-not no
1506581212354:td add
1506581249546:td add -id 111 -did xx
1506581268156:td add -id 111 -did
1506581276500:td add -id 111 -did yes
1506581296078:td add -id 111 yes
1506581306747:td add  111 yes
1506581341308:td add 123 y
1506581349779:td add 123 "y"
1506581367227:td add  111 'y'
1506582010746:td add  111 did
1506582023633:td add  111 did2
1506582029090:td add  111
1506582038961:td add  111 y
1506582051890:td add  111 y string
1506582071281:td add  111 y a
1506582589051:td add 123 y
1506582595648:td add 123 -did y
1506582610299:td add 123 -dis
1506582632017:td add 123
1506582639632:td add 123 -y
1506582683164:td add 123 y
1506582689217:td add 123 -y
1506582703072:td add 123 sjdk
1506582721784:td add 123 y
1506582767868:td add 213 y
1506582777713:td add 32 x
1506584239095:ls
1506584244356:today
1506584249012:ls
1506584277459:td add 1611 y
1506584431960:add test1
1506584435548:add test2
1506584438939:add test3
1506584442266:ls
1506584458563:td add 2570 y
1506588701265:add test1
1506588705128:add test2
1506588706391:ls
1506588720448:td add 2890 y
1506588908689:ls
1506588918872:td add 2890
1506588929151:td add 2890 y
1506589766233:ls
1506589770093:add
1506589778653:add test1
1506589782397:add test2
1506589784780:ls
1506589790556:hello
1506589796197:today
1506589800533:ls
1506589818637:td add 3530 y
1506589823684:today
1506590107663:ls
1506590112509:add test1
1506590115204:add test2
1506590119036:add test3
1506590131092:ls
1506590147837:td add 3850 y
1506590152819:today
1506590736537:ls
1506590750218:td add 3851 n
1506590754315:ls
1506590756084:today
1506592110663:today yes
1506592121407:ls
1506592133823:add testnew
1506592139367:ls
1506592149607:td add 4490 n
1506592156519:ls
1506592159246:today
1506592164158:today yes
